[ 2025-09-27 12:35:40,763 ] 36 root - INFO - Start data ingestion
[ 2025-09-27 12:35:46,067 ] 65 root - INFO - Performed train test split on the dataframe
[ 2025-09-27 12:35:46,067 ] 67 root - INFO - Exited split_data_as_train_test method of Data_Ingestion class
[ 2025-09-27 12:35:46,070 ] 75 root - INFO - Exporting train and test file path.
[ 2025-09-27 12:35:46,851 ] 84 root - INFO - Exported train and test file path.
[ 2025-09-27 12:35:46,853 ] 39 root - INFO - Data ingestion completed and artifact: DataIngestionArtifact(trained_file_path='Artifacts\\09_27_2025_12_35_28\\data_ingestion\\ingested\\train.csv', test_file_path='Artifacts\\09_27_2025_12_35_28\\data_ingestion\\ingested\\test.csv')
[ 2025-09-27 12:35:46,862 ] 51 root - INFO - Initiating data validation
[ 2025-09-27 12:35:47,069 ] 33 root - INFO - Required number of columns:2
[ 2025-09-27 12:35:47,069 ] 34 root - INFO - Data frame has columns:35
[ 2025-09-27 12:35:47,069 ] 33 root - INFO - Required number of columns:2
[ 2025-09-27 12:35:47,069 ] 34 root - INFO - Data frame has columns:35
[ 2025-09-27 12:35:48,177 ] 44 root - INFO - Entered initiate_data_transformation method of DataTransformation class
[ 2025-09-27 12:35:48,177 ] 46 root - INFO - Starting data transformation
[ 2025-09-27 12:35:48,374 ] 37 root - INFO - Initialized KNNImputer with {'missing_values': nan, 'n_neighbors': 3, 'weights': 'uniform'}
[ 2025-09-27 12:35:48,784 ] 51 root - INFO - Entered the save_object method of MainUtils class
[ 2025-09-27 12:35:48,793 ] 55 root - INFO - Exited the save_object method of MainUtils class
[ 2025-09-27 12:35:48,794 ] 51 root - INFO - Entered the save_object method of MainUtils class
[ 2025-09-27 12:35:48,802 ] 55 root - INFO - Exited the save_object method of MainUtils class
[ 2025-09-27 12:35:48,802 ] 97 root - INFO - Data transformation completed successfully
[ 2025-09-27 12:49:33,674 ] 51 root - INFO - Entered the save_object method of MainUtils class
[ 2025-09-27 12:49:33,712 ] 55 root - INFO - Exited the save_object method of MainUtils class
[ 2025-09-27 12:49:33,712 ] 51 root - INFO - Entered the save_object method of MainUtils class
[ 2025-09-27 12:49:33,740 ] 55 root - INFO - Exited the save_object method of MainUtils class
[ 2025-09-27 12:49:33,741 ] 109 root - INFO - Model trainer artifact: ModelTrainerArtifact(trained_model_file_path='Artifacts\\09_27_2025_12_35_28\\model_trainer\\trained_model\\model.pkl', train_metric_artifact=ClassificationMetricArtifact(f1_score=0.9911999730267372, precision_score=0.9890989839176367, recall_score=0.9933099067441546), test_metric_artifact=ClassificationMetricArtifact(f1_score=0.9885838543082359, precision_score=0.9869742198100407, recall_score=0.9901987476177512))
