[ 2025-09-27 12:22:41,213 ] 36 root - INFO - Start data ingestion
[ 2025-09-27 12:22:46,643 ] 65 root - INFO - Performed train test split on the dataframe
[ 2025-09-27 12:22:46,644 ] 67 root - INFO - Exited split_data_as_train_test method of Data_Ingestion class
[ 2025-09-27 12:22:46,644 ] 75 root - INFO - Exporting train and test file path.
[ 2025-09-27 12:22:47,256 ] 84 root - INFO - Exported train and test file path.
[ 2025-09-27 12:22:47,258 ] 39 root - INFO - Data ingestion completed and artifact: DataIngestionArtifact(trained_file_path='Artifacts\\09_27_2025_12_22_29\\data_ingestion\\ingested\\train.csv', test_file_path='Artifacts\\09_27_2025_12_22_29\\data_ingestion\\ingested\\test.csv')
[ 2025-09-27 12:22:47,266 ] 51 root - INFO - Initiating data validation
[ 2025-09-27 12:22:47,391 ] 33 root - INFO - Required number of columns:2
[ 2025-09-27 12:22:47,391 ] 34 root - INFO - Data frame has columns:35
[ 2025-09-27 12:22:47,391 ] 33 root - INFO - Required number of columns:2
[ 2025-09-27 12:22:47,391 ] 34 root - INFO - Data frame has columns:35
[ 2025-09-27 12:22:48,092 ] 44 root - INFO - Entered initiate_data_transformation method of DataTransformation class
[ 2025-09-27 12:22:48,092 ] 46 root - INFO - Starting data transformation
[ 2025-09-27 12:22:48,264 ] 37 root - INFO - Initialized KNNImputer with {'missing_values': nan, 'n_neighbors': 3, 'weights': 'uniform'}
[ 2025-09-27 12:22:48,475 ] 51 root - INFO - Entered the save_object method of MainUtils class
[ 2025-09-27 12:22:48,481 ] 55 root - INFO - Exited the save_object method of MainUtils class
[ 2025-09-27 12:22:48,481 ] 51 root - INFO - Entered the save_object method of MainUtils class
[ 2025-09-27 12:22:48,488 ] 55 root - INFO - Exited the save_object method of MainUtils class
[ 2025-09-27 12:22:48,489 ] 97 root - INFO - Data transformation completed successfully
[ 2025-09-27 12:33:09,905 ] 51 root - INFO - Entered the save_object method of MainUtils class
[ 2025-09-27 12:33:09,918 ] 55 root - INFO - Exited the save_object method of MainUtils class
[ 2025-09-27 12:33:09,918 ] 51 root - INFO - Entered the save_object method of MainUtils class
[ 2025-09-27 12:33:09,921 ] 55 root - INFO - Exited the save_object method of MainUtils class
[ 2025-09-27 12:33:09,921 ] 109 root - INFO - Model trainer artifact: ModelTrainerArtifact(trained_model_file_path='Artifacts\\09_27_2025_12_22_29\\model_trainer\\trained_model\\model.pkl', train_metric_artifact=ClassificationMetricArtifact(f1_score=0.9913014046369945, precision_score=0.98892490545651, recall_score=0.9936893533283572), test_metric_artifact=ClassificationMetricArtifact(f1_score=0.9874499332443257, precision_score=0.9845580404685836, recall_score=0.9903588644884842))
