[ 2025-09-26 20:16:14,395 ] 36 root - INFO - Start data ingestion
[ 2025-09-26 20:16:19,056 ] 65 root - INFO - Performed train test split on the dataframe
[ 2025-09-26 20:16:19,056 ] 67 root - INFO - Exited split_data_as_train_test method of Data_Ingestion class
[ 2025-09-26 20:16:19,057 ] 75 root - INFO - Exporting train and test file path.
[ 2025-09-26 20:16:19,542 ] 84 root - INFO - Exported train and test file path.
[ 2025-09-26 20:16:19,544 ] 39 root - INFO - Data ingestion completed and artifact: DataIngestionArtifact(trained_file_path='Artifacts\\09_26_2025_20_13_15\\data_ingestion\\ingested\\train.csv', test_file_path='Artifacts\\09_26_2025_20_13_15\\data_ingestion\\ingested\\test.csv')
[ 2025-09-26 20:16:19,570 ] 51 root - INFO - Initiating data validation
[ 2025-09-26 20:16:19,693 ] 33 root - INFO - Required number of columns:2
[ 2025-09-26 20:16:19,693 ] 34 root - INFO - Data frame has columns:35
[ 2025-09-26 20:16:19,693 ] 33 root - INFO - Required number of columns:2
[ 2025-09-26 20:16:19,694 ] 34 root - INFO - Data frame has columns:35
[ 2025-09-26 20:16:20,187 ] 44 root - INFO - Entered initiate_data_transformation method of DataTransformation class
[ 2025-09-26 20:16:20,187 ] 46 root - INFO - Starting data transformation
[ 2025-09-26 20:16:20,322 ] 37 root - INFO - Initialized KNNImputer with {'missing_values': nan, 'n_neighbors': 3, 'weights': 'uniform'}
[ 2025-09-26 20:16:20,528 ] 51 root - INFO - Entered the save_object method of MainUtils class
[ 2025-09-26 20:16:20,536 ] 55 root - INFO - Exited the save_object method of MainUtils class
[ 2025-09-26 20:16:20,536 ] 51 root - INFO - Entered the save_object method of MainUtils class
[ 2025-09-26 20:16:20,545 ] 55 root - INFO - Exited the save_object method of MainUtils class
[ 2025-09-26 20:16:20,545 ] 97 root - INFO - Data transformation completed successfully
[ 2025-09-26 20:22:47,169 ] 51 root - INFO - Entered the save_object method of MainUtils class
[ 2025-09-26 20:22:47,199 ] 55 root - INFO - Exited the save_object method of MainUtils class
[ 2025-09-26 20:22:47,200 ] 51 root - INFO - Entered the save_object method of MainUtils class
[ 2025-09-26 20:22:47,230 ] 55 root - INFO - Exited the save_object method of MainUtils class
[ 2025-09-26 20:22:47,231 ] 109 root - INFO - Model trainer artifact: ModelTrainerArtifact(trained_model_file_path='Artifacts\\09_26_2025_20_13_15\\model_trainer\\trained_model\\model.pkl', train_metric_artifact=ClassificationMetricArtifact(f1_score=0.990650420224795, precision_score=0.9887481471499798, recall_score=0.9925600270544471), test_metric_artifact=ClassificationMetricArtifact(f1_score=0.9907759088442757, precision_score=0.9907759088442757, recall_score=0.9907759088442757))
[ 2025-09-26 20:49:32,001 ] 36 root - INFO - Start data ingestion
