[ 2025-09-26 10:35:17,612 ] 36 root - INFO - Start data ingestion
[ 2025-09-26 10:35:25,040 ] 65 root - INFO - Performed train test split on the dataframe
[ 2025-09-26 10:35:25,040 ] 67 root - INFO - Exited split_data_as_train_test method of Data_Ingestion class
[ 2025-09-26 10:35:25,043 ] 75 root - INFO - Exporting train and test file path.
[ 2025-09-26 10:35:27,069 ] 84 root - INFO - Exported train and test file path.
[ 2025-09-26 10:35:27,074 ] 39 root - INFO - Data ingestion completed and artifact: DataIngestionArtifact(trained_file_path='Artifacts\\09_26_2025_10_34_59\\data_ingestion\\ingested\\train.csv', test_file_path='Artifacts\\09_26_2025_10_34_59\\data_ingestion\\ingested\\test.csv')
[ 2025-09-26 10:35:27,097 ] 51 root - INFO - Initiating data validation
[ 2025-09-26 10:35:27,594 ] 33 root - INFO - Required number of columns:2
[ 2025-09-26 10:35:27,595 ] 34 root - INFO - Data frame has columns:35
[ 2025-09-26 10:35:27,595 ] 33 root - INFO - Required number of columns:2
[ 2025-09-26 10:35:27,596 ] 34 root - INFO - Data frame has columns:35
[ 2025-09-26 10:35:29,841 ] 76 root - INFO - Entered initiate_data_transformation method of DataTransformation class
[ 2025-09-26 10:35:29,842 ] 78 root - INFO - Starting data transformation
[ 2025-09-26 10:35:30,171 ] 84 root - INFO - Train shape: (26543, 35), Test shape: (6636, 35)
[ 2025-09-26 10:35:30,177 ] 85 root - INFO - Train dtypes:
having_IP_Address              float64
URL_Length                     float64
Shortining_Service             float64
having_At_Symbol               float64
double_slash_redirecting       float64
Prefix_Suffix                  float64
having_Sub_Domain              float64
SSLfinal_State                 float64
Domain_registeration_length    float64
Favicon                        float64
port                           float64
HTTPS_token                    float64
Request_URL                    float64
URL_of_Anchor                  float64
Links_in_tags                  float64
SFH                            float64
Submitting_to_email            float64
Abnormal_URL                   float64
Redirect                       float64
on_mouseover                   float64
RightClick                     float64
popUpWidnow                    float64
Iframe                         float64
age_of_domain                  float64
DNSRecord                      float64
web_traffic                    float64
Page_Rank                      float64
Google_Index                   float64
Links_pointing_to_page         float64
Statistical_report             float64
Result                         float64
feature1                       float64
feature2                       float64
label                           object
feature3                        object
dtype: object
[ 2025-09-26 10:35:30,191 ] 101 root - INFO - Feature train shape: (26543, 34)
[ 2025-09-26 10:35:30,192 ] 102 root - INFO - Feature test shape: (6636, 34)
[ 2025-09-26 10:35:30,204 ] 47 root - INFO - Detected numeric columns: ['having_IP_Address', 'URL_Length', 'Shortining_Service', 'having_At_Symbol', 'double_slash_redirecting', 'Prefix_Suffix', 'having_Sub_Domain', 'SSLfinal_State', 'Domain_registeration_length', 'Favicon', 'port', 'HTTPS_token', 'Request_URL', 'URL_of_Anchor', 'Links_in_tags', 'SFH', 'Submitting_to_email', 'Abnormal_URL', 'Redirect', 'on_mouseover', 'RightClick', 'popUpWidnow', 'Iframe', 'age_of_domain', 'DNSRecord', 'web_traffic', 'Page_Rank', 'Google_Index', 'Links_pointing_to_page', 'Statistical_report', 'feature1', 'feature2']
[ 2025-09-26 10:35:30,204 ] 48 root - INFO - Detected categorical columns: ['label', 'feature3']
[ 2025-09-26 10:35:30,204 ] 69 root - INFO - ColumnTransformer created successfully.
[ 2025-09-26 10:40:00,089 ] 122 root - INFO - Transformed train feature shape: (26543, 38)
[ 2025-09-26 10:40:00,100 ] 123 root - INFO - Transformed test feature shape: (6636, 38)
[ 2025-09-26 10:40:00,210 ] 51 root - INFO - Entered the save_object method of MainUtils class
[ 2025-09-26 10:40:00,244 ] 55 root - INFO - Exited the save_object method of MainUtils class
[ 2025-09-26 10:40:00,245 ] 51 root - INFO - Entered the save_object method of MainUtils class
[ 2025-09-26 10:40:00,268 ] 55 root - INFO - Exited the save_object method of MainUtils class
[ 2025-09-26 10:40:00,269 ] 160 root - INFO - Data transformation completed successfully
