[ 2025-09-26 13:33:14,672 ] 36 root - INFO - Start data ingestion
[ 2025-09-26 13:33:23,021 ] 65 root - INFO - Performed train test split on the dataframe
[ 2025-09-26 13:33:23,021 ] 67 root - INFO - Exited split_data_as_train_test method of Data_Ingestion class
[ 2025-09-26 13:33:23,022 ] 75 root - INFO - Exporting train and test file path.
[ 2025-09-26 13:33:23,981 ] 84 root - INFO - Exported train and test file path.
[ 2025-09-26 13:33:23,987 ] 39 root - INFO - Data ingestion completed and artifact: DataIngestionArtifact(trained_file_path='Artifacts\\09_26_2025_13_32_34\\data_ingestion\\ingested\\train.csv', test_file_path='Artifacts\\09_26_2025_13_32_34\\data_ingestion\\ingested\\test.csv')
[ 2025-09-26 13:33:24,011 ] 51 root - INFO - Initiating data validation
[ 2025-09-26 13:33:24,312 ] 33 root - INFO - Required number of columns:2
[ 2025-09-26 13:33:24,312 ] 34 root - INFO - Data frame has columns:35
[ 2025-09-26 13:33:24,312 ] 33 root - INFO - Required number of columns:2
[ 2025-09-26 13:33:24,313 ] 34 root - INFO - Data frame has columns:35
[ 2025-09-26 13:33:25,570 ] 44 root - INFO - Entered initiate_data_transformation method of DataTransformation class
[ 2025-09-26 13:33:25,570 ] 46 root - INFO - Starting data transformation
[ 2025-09-26 13:33:25,805 ] 37 root - INFO - Initialized KNNImputer with {'missing_values': nan, 'n_neighbors': 3, 'weights': 'uniform'}
[ 2025-09-26 13:33:26,128 ] 51 root - INFO - Entered the save_object method of MainUtils class
[ 2025-09-26 13:33:26,140 ] 55 root - INFO - Exited the save_object method of MainUtils class
[ 2025-09-26 13:33:26,140 ] 51 root - INFO - Entered the save_object method of MainUtils class
[ 2025-09-26 13:33:26,149 ] 55 root - INFO - Exited the save_object method of MainUtils class
[ 2025-09-26 13:33:26,150 ] 97 root - INFO - Data transformation completed successfully
[ 2025-09-26 13:46:25,631 ] 51 root - INFO - Entered the save_object method of MainUtils class
[ 2025-09-26 13:46:25,649 ] 55 root - INFO - Exited the save_object method of MainUtils class
[ 2025-09-26 13:46:25,650 ] 51 root - INFO - Entered the save_object method of MainUtils class
[ 2025-09-26 13:46:25,652 ] 55 root - INFO - Exited the save_object method of MainUtils class
[ 2025-09-26 13:46:25,653 ] 109 root - INFO - Model trainer artifact: ModelTrainerArtifact(trained_model_file_path='Artifacts\\09_26_2025_13_32_34\\model_trainer\\trained_model\\model.pkl', train_metric_artifact=ClassificationMetricArtifact(f1_score=0.9907072618524652, precision_score=0.989603726456491, recall_score=0.9918132611637348), test_metric_artifact=ClassificationMetricArtifact(f1_score=0.9901391327840064, precision_score=0.9873383620689655, recall_score=0.9929558385261447))
