[ 2025-09-27 11:04:47,415 ] 36 root - INFO - Start data ingestion
[ 2025-09-27 11:04:52,315 ] 65 root - INFO - Performed train test split on the dataframe
[ 2025-09-27 11:04:52,315 ] 67 root - INFO - Exited split_data_as_train_test method of Data_Ingestion class
[ 2025-09-27 11:04:52,316 ] 75 root - INFO - Exporting train and test file path.
[ 2025-09-27 11:04:52,932 ] 84 root - INFO - Exported train and test file path.
[ 2025-09-27 11:04:52,935 ] 39 root - INFO - Data ingestion completed and artifact: DataIngestionArtifact(trained_file_path='Artifacts\\09_27_2025_11_04_37\\data_ingestion\\ingested\\train.csv', test_file_path='Artifacts\\09_27_2025_11_04_37\\data_ingestion\\ingested\\test.csv')
[ 2025-09-27 11:04:52,948 ] 51 root - INFO - Initiating data validation
[ 2025-09-27 11:04:53,067 ] 33 root - INFO - Required number of columns:2
[ 2025-09-27 11:04:53,067 ] 34 root - INFO - Data frame has columns:35
[ 2025-09-27 11:04:53,067 ] 33 root - INFO - Required number of columns:2
[ 2025-09-27 11:04:53,067 ] 34 root - INFO - Data frame has columns:35
[ 2025-09-27 11:04:53,643 ] 44 root - INFO - Entered initiate_data_transformation method of DataTransformation class
[ 2025-09-27 11:04:53,643 ] 46 root - INFO - Starting data transformation
[ 2025-09-27 11:04:53,745 ] 37 root - INFO - Initialized KNNImputer with {'missing_values': nan, 'n_neighbors': 3, 'weights': 'uniform'}
[ 2025-09-27 11:04:53,902 ] 51 root - INFO - Entered the save_object method of MainUtils class
[ 2025-09-27 11:04:53,907 ] 55 root - INFO - Exited the save_object method of MainUtils class
[ 2025-09-27 11:04:53,908 ] 51 root - INFO - Entered the save_object method of MainUtils class
[ 2025-09-27 11:04:53,913 ] 55 root - INFO - Exited the save_object method of MainUtils class
[ 2025-09-27 11:04:53,913 ] 97 root - INFO - Data transformation completed successfully
[ 2025-09-27 11:16:07,674 ] 36 root - INFO - Start data ingestion
[ 2025-09-27 11:16:13,833 ] 65 root - INFO - Performed train test split on the dataframe
[ 2025-09-27 11:16:13,834 ] 67 root - INFO - Exited split_data_as_train_test method of Data_Ingestion class
[ 2025-09-27 11:16:13,835 ] 75 root - INFO - Exporting train and test file path.
[ 2025-09-27 11:16:14,939 ] 84 root - INFO - Exported train and test file path.
[ 2025-09-27 11:16:14,941 ] 39 root - INFO - Data ingestion completed and artifact: DataIngestionArtifact(trained_file_path='Artifacts\\09_27_2025_11_04_37\\data_ingestion\\ingested\\train.csv', test_file_path='Artifacts\\09_27_2025_11_04_37\\data_ingestion\\ingested\\test.csv')
[ 2025-09-27 11:16:14,950 ] 51 root - INFO - Initiating data validation
[ 2025-09-27 11:16:15,181 ] 33 root - INFO - Required number of columns:2
[ 2025-09-27 11:16:15,182 ] 34 root - INFO - Data frame has columns:35
[ 2025-09-27 11:16:15,182 ] 33 root - INFO - Required number of columns:2
[ 2025-09-27 11:16:15,182 ] 34 root - INFO - Data frame has columns:35
[ 2025-09-27 11:16:16,341 ] 44 root - INFO - Entered initiate_data_transformation method of DataTransformation class
[ 2025-09-27 11:16:16,341 ] 46 root - INFO - Starting data transformation
[ 2025-09-27 11:16:16,551 ] 37 root - INFO - Initialized KNNImputer with {'missing_values': nan, 'n_neighbors': 3, 'weights': 'uniform'}
[ 2025-09-27 11:16:16,882 ] 51 root - INFO - Entered the save_object method of MainUtils class
[ 2025-09-27 11:16:16,895 ] 55 root - INFO - Exited the save_object method of MainUtils class
[ 2025-09-27 11:16:16,895 ] 51 root - INFO - Entered the save_object method of MainUtils class
[ 2025-09-27 11:16:16,908 ] 55 root - INFO - Exited the save_object method of MainUtils class
[ 2025-09-27 11:16:16,908 ] 97 root - INFO - Data transformation completed successfully
